Today, October 22nd, 2020, the sun sets at 06:22 PM, so you should leave to go on your walk at 05:07 PM. :)
Today, October 22nd, 2020, the sun sets at 06:22 PM, so you should leave to go on your walk at 05:07 PM. :)
Today, October 22nd, 2020, the sun sets at 06:22 PM, so you should leave to go on your walk at 05:07 PM. -JakeBot :)
Today, October 22nd, 2020, the sun sets at 06:22 PM, so you should leave to go on your walk at 05:07 PM. 

 -JakeBot :)
Today, October 22nd, 2020, the sun sets at 06:22 PM, so you should leave to go on your walk at 05:07 PM. 

 -JakeBot :)
Today, October 22nd, 2020, the sun sets at 06:22 PM, so you should leave to go on your walk at 05:07 PM. 

 -JakeBot :)
Today, October 22nd, 2020, the sun sets at 06:22 PM, so you should leave to go on your walk at 05:07 PM. -JakeBot :)
Today, October 22nd, 2020, the sun sets at 06:22 PM, so you should leave to go on your walk at 05:07 PM. -JakeBot :)
Today, October 22nd, 2020, the sun sets at 06:22 PM, so you should leave to go on your walk at 05:07 PM. -JakeBot :)
Today, October 22nd, 2020, the sun sets at 06:22 PM, so you should leave to go on your walk at 05:07 PM. -JakeBot :)
Today, October 22nd, 2020, the sun sets at 06:22 PM, so you should leave to go on your walk at 05:07 PM. -JakeBot :)
Today, October 22nd, 2020, the sun sets at 06:22 PM, so you should leave to go on your walk at 05:07 PM. -JakeBot :)
Today, October 22nd, 2020, the sun sets at 06:22 PM, so you should leave to go on your walk at 05:07 PM. -JakeBot :)
Today, October 22nd, 2020, the sun sets at 06:22 PM, so you should leave to go on your walk at 05:07 PM. -JakeBot :)
Hi Sweetie! 

 Today, October 22nd, 2020, the sun sets at 06:22 PM, so we should leave to go on your walk at 05:07 PM. 

 -JakeBot :)
Hi Sweetie! 

 Today, October 22nd, 2020, the sun sets at 06:22 PM, so we should leave to go on your walk at 05:07 PM. 

 -JakeBot :)
Hi Sweetie! 

 Today, October 22nd, 2020, the sun sets at 06:22 PM, so we should leave to go on your walk at 05:07 PM. 

 - JakeBot :)
